{"C:\\Users\\santi_001\\Desktop\\ob2-diaz-disiot-meerhoff-1\\src\\common\\definiciones.js": {"path":"C:\\Users\\santi_001\\Desktop\\ob2-diaz-disiot-meerhoff-1\\src\\common\\definiciones.js","statementMap":{"0":{"start":{"line":1,"column":21},"end":{"line":5,"column":1}},"1":{"start":{"line":7,"column":0},"end":{"line":9,"column":2}}},"fnMap":{},"branchMap":{},"s":{"0":4,"1":4},"f":{},"b":{},"_coverageSchema":"1a1c01bbd47fc00a2c39e90264f33305004495a9","hash":"92c4185c332a2365361684f683e8f2236d436e52"}
,"C:\\Users\\santi_001\\Desktop\\ob2-diaz-disiot-meerhoff-1\\src\\common\\exceptions.js": {"path":"C:\\Users\\santi_001\\Desktop\\ob2-diaz-disiot-meerhoff-1\\src\\common\\exceptions.js","statementMap":{"0":{"start":{"line":1,"column":19},"end":{"line":7,"column":1}},"1":{"start":{"line":9,"column":0},"end":{"line":11,"column":2}}},"fnMap":{},"branchMap":{},"s":{"0":4,"1":4},"f":{},"b":{},"_coverageSchema":"1a1c01bbd47fc00a2c39e90264f33305004495a9","hash":"cfed3d3457ca91686aa78dd7928dda2c6233b6f4"}
,"C:\\Users\\santi_001\\Desktop\\ob2-diaz-disiot-meerhoff-1\\src\\objectsJest\\leccion.js": {"path":"C:\\Users\\santi_001\\Desktop\\ob2-diaz-disiot-meerhoff-1\\src\\objectsJest\\leccion.js","statementMap":{"0":{"start":{"line":2,"column":23},"end":{"line":2,"column":54}},"1":{"start":{"line":3,"column":25},"end":{"line":3,"column":58}},"2":{"start":{"line":4,"column":22},"end":{"line":4,"column":44}},"3":{"start":{"line":5,"column":20},"end":{"line":5,"column":40}},"4":{"start":{"line":9,"column":4},"end":{"line":9,"column":24}},"5":{"start":{"line":10,"column":4},"end":{"line":10,"column":21}},"6":{"start":{"line":11,"column":4},"end":{"line":11,"column":20}},"7":{"start":{"line":12,"column":4},"end":{"line":12,"column":19}},"8":{"start":{"line":17,"column":16},"end":{"line":17,"column":37}},"9":{"start":{"line":18,"column":4},"end":{"line":22,"column":5}},"10":{"start":{"line":19,"column":6},"end":{"line":21,"column":8}},"11":{"start":{"line":20,"column":8},"end":{"line":20,"column":50}},"12":{"start":{"line":23,"column":15},"end":{"line":23,"column":57}},"13":{"start":{"line":24,"column":4},"end":{"line":26,"column":5}},"14":{"start":{"line":25,"column":6},"end":{"line":25,"column":18}},"15":{"start":{"line":27,"column":4},"end":{"line":27,"column":31}},"16":{"start":{"line":32,"column":15},"end":{"line":32,"column":48}},"17":{"start":{"line":33,"column":4},"end":{"line":35,"column":5}},"18":{"start":{"line":34,"column":6},"end":{"line":34,"column":18}},"19":{"start":{"line":36,"column":4},"end":{"line":36,"column":23}},"20":{"start":{"line":41,"column":15},"end":{"line":41,"column":46}},"21":{"start":{"line":42,"column":4},"end":{"line":44,"column":5}},"22":{"start":{"line":43,"column":6},"end":{"line":43,"column":18}},"23":{"start":{"line":45,"column":4},"end":{"line":45,"column":22}},"24":{"start":{"line":50,"column":15},"end":{"line":50,"column":44}},"25":{"start":{"line":51,"column":4},"end":{"line":53,"column":5}},"26":{"start":{"line":52,"column":6},"end":{"line":52,"column":18}},"27":{"start":{"line":54,"column":4},"end":{"line":54,"column":21}},"28":{"start":{"line":59,"column":15},"end":{"line":59,"column":45}},"29":{"start":{"line":60,"column":4},"end":{"line":62,"column":5}},"30":{"start":{"line":61,"column":6},"end":{"line":61,"column":18}},"31":{"start":{"line":63,"column":4},"end":{"line":63,"column":33}},"32":{"start":{"line":68,"column":15},"end":{"line":68,"column":43}},"33":{"start":{"line":69,"column":4},"end":{"line":71,"column":5}},"34":{"start":{"line":70,"column":6},"end":{"line":70,"column":18}},"35":{"start":{"line":72,"column":4},"end":{"line":72,"column":54}},"36":{"start":{"line":77,"column":15},"end":{"line":77,"column":41}},"37":{"start":{"line":78,"column":4},"end":{"line":80,"column":5}},"38":{"start":{"line":79,"column":6},"end":{"line":79,"column":18}},"39":{"start":{"line":81,"column":4},"end":{"line":81,"column":52}},"40":{"start":{"line":85,"column":15},"end":{"line":85,"column":39}},"41":{"start":{"line":86,"column":4},"end":{"line":88,"column":5}},"42":{"start":{"line":87,"column":6},"end":{"line":87,"column":18}},"43":{"start":{"line":89,"column":4},"end":{"line":89,"column":23}},"44":{"start":{"line":90,"column":4},"end":{"line":90,"column":61}},"45":{"start":{"line":94,"column":4},"end":{"line":98,"column":5}},"46":{"start":{"line":95,"column":6},"end":{"line":97,"column":8}},"47":{"start":{"line":96,"column":8},"end":{"line":96,"column":53}},"48":{"start":{"line":99,"column":4},"end":{"line":103,"column":5}},"49":{"start":{"line":100,"column":6},"end":{"line":102,"column":8}},"50":{"start":{"line":101,"column":8},"end":{"line":101,"column":54}},"51":{"start":{"line":104,"column":4},"end":{"line":104,"column":16}},"52":{"start":{"line":108,"column":4},"end":{"line":112,"column":5}},"53":{"start":{"line":109,"column":6},"end":{"line":111,"column":8}},"54":{"start":{"line":110,"column":8},"end":{"line":110,"column":53}},"55":{"start":{"line":113,"column":4},"end":{"line":113,"column":16}},"56":{"start":{"line":117,"column":4},"end":{"line":121,"column":5}},"57":{"start":{"line":118,"column":6},"end":{"line":120,"column":8}},"58":{"start":{"line":119,"column":8},"end":{"line":119,"column":53}},"59":{"start":{"line":122,"column":4},"end":{"line":122,"column":16}},"60":{"start":{"line":126,"column":4},"end":{"line":130,"column":5}},"61":{"start":{"line":127,"column":6},"end":{"line":129,"column":8}},"62":{"start":{"line":128,"column":8},"end":{"line":128,"column":53}},"63":{"start":{"line":131,"column":4},"end":{"line":133,"column":5}},"64":{"start":{"line":132,"column":6},"end":{"line":132,"column":45}},"65":{"start":{"line":134,"column":4},"end":{"line":136,"column":5}},"66":{"start":{"line":135,"column":6},"end":{"line":135,"column":43}},"67":{"start":{"line":137,"column":4},"end":{"line":139,"column":5}},"68":{"start":{"line":138,"column":6},"end":{"line":138,"column":39}},"69":{"start":{"line":140,"column":4},"end":{"line":140,"column":16}},"70":{"start":{"line":146,"column":4},"end":{"line":150,"column":5}},"71":{"start":{"line":147,"column":6},"end":{"line":149,"column":8}},"72":{"start":{"line":148,"column":8},"end":{"line":148,"column":53}},"73":{"start":{"line":151,"column":20},"end":{"line":151,"column":34}},"74":{"start":{"line":152,"column":21},"end":{"line":152,"column":37}},"75":{"start":{"line":153,"column":14},"end":{"line":153,"column":16}},"76":{"start":{"line":154,"column":4},"end":{"line":160,"column":5}},"77":{"start":{"line":154,"column":17},"end":{"line":154,"column":18}},"78":{"start":{"line":155,"column":6},"end":{"line":159,"column":7}},"79":{"start":{"line":156,"column":8},"end":{"line":156,"column":87}},"80":{"start":{"line":158,"column":8},"end":{"line":158,"column":81}},"81":{"start":{"line":161,"column":4},"end":{"line":161,"column":15}},"82":{"start":{"line":165,"column":4},"end":{"line":165,"column":83}},"83":{"start":{"line":170,"column":0},"end":{"line":172,"column":2}}},"fnMap":{"0":{"name":"(anonymous_0)","decl":{"start":{"line":8,"column":2},"end":{"line":8,"column":3}},"loc":{"start":{"line":8,"column":16},"end":{"line":13,"column":3}},"line":8},"1":{"name":"(anonymous_1)","decl":{"start":{"line":16,"column":2},"end":{"line":16,"column":3}},"loc":{"start":{"line":16,"column":18},"end":{"line":28,"column":3}},"line":16},"2":{"name":"(anonymous_2)","decl":{"start":{"line":19,"column":13},"end":{"line":19,"column":14}},"loc":{"start":{"line":19,"column":19},"end":{"line":21,"column":7}},"line":19},"3":{"name":"(anonymous_3)","decl":{"start":{"line":31,"column":2},"end":{"line":31,"column":3}},"loc":{"start":{"line":31,"column":14},"end":{"line":37,"column":3}},"line":31},"4":{"name":"(anonymous_4)","decl":{"start":{"line":40,"column":2},"end":{"line":40,"column":3}},"loc":{"start":{"line":40,"column":13},"end":{"line":46,"column":3}},"line":40},"5":{"name":"(anonymous_5)","decl":{"start":{"line":49,"column":2},"end":{"line":49,"column":3}},"loc":{"start":{"line":49,"column":12},"end":{"line":55,"column":3}},"line":49},"6":{"name":"(anonymous_6)","decl":{"start":{"line":58,"column":2},"end":{"line":58,"column":3}},"loc":{"start":{"line":58,"column":26},"end":{"line":64,"column":3}},"line":58},"7":{"name":"(anonymous_7)","decl":{"start":{"line":67,"column":2},"end":{"line":67,"column":3}},"loc":{"start":{"line":67,"column":24},"end":{"line":73,"column":3}},"line":67},"8":{"name":"(anonymous_8)","decl":{"start":{"line":76,"column":2},"end":{"line":76,"column":3}},"loc":{"start":{"line":76,"column":22},"end":{"line":82,"column":3}},"line":76},"9":{"name":"(anonymous_9)","decl":{"start":{"line":84,"column":2},"end":{"line":84,"column":3}},"loc":{"start":{"line":84,"column":20},"end":{"line":91,"column":3}},"line":84},"10":{"name":"(anonymous_10)","decl":{"start":{"line":93,"column":2},"end":{"line":93,"column":3}},"loc":{"start":{"line":93,"column":26},"end":{"line":105,"column":3}},"line":93},"11":{"name":"(anonymous_11)","decl":{"start":{"line":95,"column":13},"end":{"line":95,"column":14}},"loc":{"start":{"line":95,"column":19},"end":{"line":97,"column":7}},"line":95},"12":{"name":"(anonymous_12)","decl":{"start":{"line":100,"column":13},"end":{"line":100,"column":14}},"loc":{"start":{"line":100,"column":19},"end":{"line":102,"column":7}},"line":100},"13":{"name":"(anonymous_13)","decl":{"start":{"line":107,"column":2},"end":{"line":107,"column":3}},"loc":{"start":{"line":107,"column":24},"end":{"line":114,"column":3}},"line":107},"14":{"name":"(anonymous_14)","decl":{"start":{"line":109,"column":13},"end":{"line":109,"column":14}},"loc":{"start":{"line":109,"column":19},"end":{"line":111,"column":7}},"line":109},"15":{"name":"(anonymous_15)","decl":{"start":{"line":116,"column":2},"end":{"line":116,"column":3}},"loc":{"start":{"line":116,"column":22},"end":{"line":123,"column":3}},"line":116},"16":{"name":"(anonymous_16)","decl":{"start":{"line":118,"column":13},"end":{"line":118,"column":14}},"loc":{"start":{"line":118,"column":19},"end":{"line":120,"column":7}},"line":118},"17":{"name":"(anonymous_17)","decl":{"start":{"line":125,"column":2},"end":{"line":125,"column":3}},"loc":{"start":{"line":125,"column":24},"end":{"line":141,"column":3}},"line":125},"18":{"name":"(anonymous_18)","decl":{"start":{"line":127,"column":13},"end":{"line":127,"column":14}},"loc":{"start":{"line":127,"column":19},"end":{"line":129,"column":7}},"line":127},"19":{"name":"(anonymous_19)","decl":{"start":{"line":145,"column":2},"end":{"line":145,"column":3}},"loc":{"start":{"line":145,"column":23},"end":{"line":162,"column":3}},"line":145},"20":{"name":"(anonymous_20)","decl":{"start":{"line":147,"column":13},"end":{"line":147,"column":14}},"loc":{"start":{"line":147,"column":19},"end":{"line":149,"column":7}},"line":147},"21":{"name":"(anonymous_21)","decl":{"start":{"line":164,"column":2},"end":{"line":164,"column":3}},"loc":{"start":{"line":164,"column":13},"end":{"line":166,"column":3}},"line":164}},"branchMap":{"0":{"loc":{"start":{"line":18,"column":4},"end":{"line":22,"column":5}},"type":"if","locations":[{"start":{"line":18,"column":4},"end":{"line":22,"column":5}},{"start":{"line":18,"column":4},"end":{"line":22,"column":5}}],"line":18},"1":{"loc":{"start":{"line":18,"column":8},"end":{"line":18,"column":31}},"type":"binary-expr","locations":[{"start":{"line":18,"column":8},"end":{"line":18,"column":20}},{"start":{"line":18,"column":24},"end":{"line":18,"column":31}}],"line":18},"2":{"loc":{"start":{"line":24,"column":4},"end":{"line":26,"column":5}},"type":"if","locations":[{"start":{"line":24,"column":4},"end":{"line":26,"column":5}},{"start":{"line":24,"column":4},"end":{"line":26,"column":5}}],"line":24},"3":{"loc":{"start":{"line":33,"column":4},"end":{"line":35,"column":5}},"type":"if","locations":[{"start":{"line":33,"column":4},"end":{"line":35,"column":5}},{"start":{"line":33,"column":4},"end":{"line":35,"column":5}}],"line":33},"4":{"loc":{"start":{"line":42,"column":4},"end":{"line":44,"column":5}},"type":"if","locations":[{"start":{"line":42,"column":4},"end":{"line":44,"column":5}},{"start":{"line":42,"column":4},"end":{"line":44,"column":5}}],"line":42},"5":{"loc":{"start":{"line":51,"column":4},"end":{"line":53,"column":5}},"type":"if","locations":[{"start":{"line":51,"column":4},"end":{"line":53,"column":5}},{"start":{"line":51,"column":4},"end":{"line":53,"column":5}}],"line":51},"6":{"loc":{"start":{"line":60,"column":4},"end":{"line":62,"column":5}},"type":"if","locations":[{"start":{"line":60,"column":4},"end":{"line":62,"column":5}},{"start":{"line":60,"column":4},"end":{"line":62,"column":5}}],"line":60},"7":{"loc":{"start":{"line":69,"column":4},"end":{"line":71,"column":5}},"type":"if","locations":[{"start":{"line":69,"column":4},"end":{"line":71,"column":5}},{"start":{"line":69,"column":4},"end":{"line":71,"column":5}}],"line":69},"8":{"loc":{"start":{"line":78,"column":4},"end":{"line":80,"column":5}},"type":"if","locations":[{"start":{"line":78,"column":4},"end":{"line":80,"column":5}},{"start":{"line":78,"column":4},"end":{"line":80,"column":5}}],"line":78},"9":{"loc":{"start":{"line":86,"column":4},"end":{"line":88,"column":5}},"type":"if","locations":[{"start":{"line":86,"column":4},"end":{"line":88,"column":5}},{"start":{"line":86,"column":4},"end":{"line":88,"column":5}}],"line":86},"10":{"loc":{"start":{"line":94,"column":4},"end":{"line":98,"column":5}},"type":"if","locations":[{"start":{"line":94,"column":4},"end":{"line":98,"column":5}},{"start":{"line":94,"column":4},"end":{"line":98,"column":5}}],"line":94},"11":{"loc":{"start":{"line":99,"column":4},"end":{"line":103,"column":5}},"type":"if","locations":[{"start":{"line":99,"column":4},"end":{"line":103,"column":5}},{"start":{"line":99,"column":4},"end":{"line":103,"column":5}}],"line":99},"12":{"loc":{"start":{"line":108,"column":4},"end":{"line":112,"column":5}},"type":"if","locations":[{"start":{"line":108,"column":4},"end":{"line":112,"column":5}},{"start":{"line":108,"column":4},"end":{"line":112,"column":5}}],"line":108},"13":{"loc":{"start":{"line":117,"column":4},"end":{"line":121,"column":5}},"type":"if","locations":[{"start":{"line":117,"column":4},"end":{"line":121,"column":5}},{"start":{"line":117,"column":4},"end":{"line":121,"column":5}}],"line":117},"14":{"loc":{"start":{"line":126,"column":4},"end":{"line":130,"column":5}},"type":"if","locations":[{"start":{"line":126,"column":4},"end":{"line":130,"column":5}},{"start":{"line":126,"column":4},"end":{"line":130,"column":5}}],"line":126},"15":{"loc":{"start":{"line":131,"column":4},"end":{"line":133,"column":5}},"type":"if","locations":[{"start":{"line":131,"column":4},"end":{"line":133,"column":5}},{"start":{"line":131,"column":4},"end":{"line":133,"column":5}}],"line":131},"16":{"loc":{"start":{"line":134,"column":4},"end":{"line":136,"column":5}},"type":"if","locations":[{"start":{"line":134,"column":4},"end":{"line":136,"column":5}},{"start":{"line":134,"column":4},"end":{"line":136,"column":5}}],"line":134},"17":{"loc":{"start":{"line":137,"column":4},"end":{"line":139,"column":5}},"type":"if","locations":[{"start":{"line":137,"column":4},"end":{"line":139,"column":5}},{"start":{"line":137,"column":4},"end":{"line":139,"column":5}}],"line":137},"18":{"loc":{"start":{"line":146,"column":4},"end":{"line":150,"column":5}},"type":"if","locations":[{"start":{"line":146,"column":4},"end":{"line":150,"column":5}},{"start":{"line":146,"column":4},"end":{"line":150,"column":5}}],"line":146},"19":{"loc":{"start":{"line":155,"column":6},"end":{"line":159,"column":7}},"type":"if","locations":[{"start":{"line":155,"column":6},"end":{"line":159,"column":7}},{"start":{"line":155,"column":6},"end":{"line":159,"column":7}}],"line":155}},"s":{"0":2,"1":2,"2":2,"3":2,"4":39,"5":39,"6":39,"7":39,"8":5,"9":5,"10":1,"11":1,"12":4,"13":4,"14":2,"15":2,"16":2,"17":2,"18":0,"19":2,"20":4,"21":4,"22":0,"23":4,"24":4,"25":4,"26":0,"27":4,"28":1,"29":1,"30":0,"31":1,"32":1,"33":1,"34":0,"35":1,"36":2,"37":2,"38":0,"39":2,"40":2,"41":2,"42":0,"43":2,"44":2,"45":12,"46":2,"47":2,"48":10,"49":2,"50":2,"51":8,"52":14,"53":2,"54":2,"55":12,"56":14,"57":2,"58":2,"59":12,"60":18,"61":2,"62":2,"63":16,"64":0,"65":16,"66":0,"67":16,"68":0,"69":16,"70":9,"71":2,"72":2,"73":7,"74":7,"75":7,"76":7,"77":7,"78":16,"79":9,"80":7,"81":7,"82":0,"83":2},"f":{"0":39,"1":5,"2":1,"3":2,"4":4,"5":4,"6":1,"7":1,"8":2,"9":2,"10":12,"11":2,"12":2,"13":14,"14":2,"15":14,"16":2,"17":18,"18":2,"19":9,"20":2,"21":0},"b":{"0":[1,4],"1":[5,4],"2":[2,2],"3":[0,2],"4":[0,4],"5":[0,4],"6":[0,1],"7":[0,1],"8":[0,2],"9":[0,2],"10":[2,10],"11":[2,8],"12":[2,12],"13":[2,12],"14":[2,16],"15":[0,16],"16":[0,16],"17":[0,16],"18":[2,7],"19":[9,7]},"_coverageSchema":"1a1c01bbd47fc00a2c39e90264f33305004495a9","hash":"a972b715f3298433d590c1cf085bfddaa874576b"}
,"C:\\Users\\santi_001\\Desktop\\ob2-diaz-disiot-meerhoff-1\\src\\objectsJest\\seccion.js": {"path":"C:\\Users\\santi_001\\Desktop\\ob2-diaz-disiot-meerhoff-1\\src\\objectsJest\\seccion.js","statementMap":{"0":{"start":{"line":1,"column":23},"end":{"line":1,"column":54}},"1":{"start":{"line":2,"column":25},"end":{"line":2,"column":58}},"2":{"start":{"line":3,"column":22},"end":{"line":3,"column":44}},"3":{"start":{"line":7,"column":4},"end":{"line":7,"column":31}},"4":{"start":{"line":8,"column":4},"end":{"line":8,"column":21}},"5":{"start":{"line":9,"column":4},"end":{"line":9,"column":20}},"6":{"start":{"line":14,"column":15},"end":{"line":14,"column":42}},"7":{"start":{"line":15,"column":4},"end":{"line":17,"column":5}},"8":{"start":{"line":16,"column":6},"end":{"line":16,"column":18}},"9":{"start":{"line":18,"column":4},"end":{"line":18,"column":20}},"10":{"start":{"line":24,"column":15},"end":{"line":24,"column":48}},"11":{"start":{"line":25,"column":4},"end":{"line":27,"column":5}},"12":{"start":{"line":26,"column":6},"end":{"line":26,"column":18}},"13":{"start":{"line":28,"column":4},"end":{"line":28,"column":23}},"14":{"start":{"line":33,"column":15},"end":{"line":33,"column":46}},"15":{"start":{"line":34,"column":4},"end":{"line":36,"column":5}},"16":{"start":{"line":35,"column":6},"end":{"line":35,"column":18}},"17":{"start":{"line":37,"column":4},"end":{"line":37,"column":22}},"18":{"start":{"line":42,"column":15},"end":{"line":42,"column":37}},"19":{"start":{"line":43,"column":4},"end":{"line":45,"column":5}},"20":{"start":{"line":44,"column":6},"end":{"line":44,"column":18}},"21":{"start":{"line":46,"column":4},"end":{"line":46,"column":19}},"22":{"start":{"line":51,"column":15},"end":{"line":51,"column":43}},"23":{"start":{"line":52,"column":4},"end":{"line":54,"column":5}},"24":{"start":{"line":53,"column":6},"end":{"line":53,"column":18}},"25":{"start":{"line":55,"column":4},"end":{"line":55,"column":25}},"26":{"start":{"line":60,"column":15},"end":{"line":60,"column":41}},"27":{"start":{"line":61,"column":4},"end":{"line":63,"column":5}},"28":{"start":{"line":62,"column":6},"end":{"line":62,"column":18}},"29":{"start":{"line":64,"column":4},"end":{"line":64,"column":23}},"30":{"start":{"line":69,"column":4},"end":{"line":73,"column":5}},"31":{"start":{"line":70,"column":6},"end":{"line":72,"column":8}},"32":{"start":{"line":71,"column":8},"end":{"line":71,"column":53}},"33":{"start":{"line":74,"column":15},"end":{"line":74,"column":37}},"34":{"start":{"line":75,"column":4},"end":{"line":77,"column":5}},"35":{"start":{"line":76,"column":6},"end":{"line":76,"column":18}},"36":{"start":{"line":78,"column":4},"end":{"line":78,"column":16}},"37":{"start":{"line":83,"column":4},"end":{"line":87,"column":5}},"38":{"start":{"line":84,"column":6},"end":{"line":86,"column":8}},"39":{"start":{"line":85,"column":8},"end":{"line":85,"column":53}},"40":{"start":{"line":88,"column":4},"end":{"line":92,"column":5}},"41":{"start":{"line":89,"column":6},"end":{"line":91,"column":8}},"42":{"start":{"line":90,"column":8},"end":{"line":90,"column":53}},"43":{"start":{"line":93,"column":16},"end":{"line":93,"column":29}},"44":{"start":{"line":94,"column":4},"end":{"line":110,"column":5}},"45":{"start":{"line":94,"column":17},"end":{"line":94,"column":18}},"46":{"start":{"line":95,"column":6},"end":{"line":99,"column":7}},"47":{"start":{"line":96,"column":8},"end":{"line":98,"column":10}},"48":{"start":{"line":97,"column":10},"end":{"line":97,"column":55}},"49":{"start":{"line":100,"column":6},"end":{"line":104,"column":7}},"50":{"start":{"line":101,"column":8},"end":{"line":103,"column":10}},"51":{"start":{"line":102,"column":10},"end":{"line":102,"column":56}},"52":{"start":{"line":105,"column":6},"end":{"line":109,"column":7}},"53":{"start":{"line":106,"column":8},"end":{"line":108,"column":10}},"54":{"start":{"line":107,"column":10},"end":{"line":107,"column":55}},"55":{"start":{"line":111,"column":4},"end":{"line":111,"column":16}},"56":{"start":{"line":116,"column":4},"end":{"line":120,"column":5}},"57":{"start":{"line":117,"column":6},"end":{"line":119,"column":8}},"58":{"start":{"line":118,"column":8},"end":{"line":118,"column":53}},"59":{"start":{"line":121,"column":4},"end":{"line":121,"column":16}},"60":{"start":{"line":125,"column":4},"end":{"line":125,"column":59}},"61":{"start":{"line":130,"column":0},"end":{"line":132,"column":2}}},"fnMap":{"0":{"name":"(anonymous_0)","decl":{"start":{"line":6,"column":2},"end":{"line":6,"column":3}},"loc":{"start":{"line":6,"column":16},"end":{"line":10,"column":3}},"line":6},"1":{"name":"(anonymous_1)","decl":{"start":{"line":13,"column":2},"end":{"line":13,"column":3}},"loc":{"start":{"line":13,"column":11},"end":{"line":19,"column":3}},"line":13},"2":{"name":"(anonymous_2)","decl":{"start":{"line":22,"column":2},"end":{"line":22,"column":3}},"loc":{"start":{"line":22,"column":14},"end":{"line":29,"column":3}},"line":22},"3":{"name":"(anonymous_3)","decl":{"start":{"line":32,"column":2},"end":{"line":32,"column":3}},"loc":{"start":{"line":32,"column":13},"end":{"line":38,"column":3}},"line":32},"4":{"name":"(anonymous_4)","decl":{"start":{"line":41,"column":2},"end":{"line":41,"column":3}},"loc":{"start":{"line":41,"column":18},"end":{"line":47,"column":3}},"line":41},"5":{"name":"(anonymous_5)","decl":{"start":{"line":50,"column":2},"end":{"line":50,"column":3}},"loc":{"start":{"line":50,"column":24},"end":{"line":56,"column":3}},"line":50},"6":{"name":"(anonymous_6)","decl":{"start":{"line":59,"column":2},"end":{"line":59,"column":3}},"loc":{"start":{"line":59,"column":22},"end":{"line":65,"column":3}},"line":59},"7":{"name":"(anonymous_7)","decl":{"start":{"line":68,"column":2},"end":{"line":68,"column":3}},"loc":{"start":{"line":68,"column":20},"end":{"line":79,"column":3}},"line":68},"8":{"name":"(anonymous_8)","decl":{"start":{"line":70,"column":13},"end":{"line":70,"column":14}},"loc":{"start":{"line":70,"column":19},"end":{"line":72,"column":7}},"line":70},"9":{"name":"(anonymous_9)","decl":{"start":{"line":82,"column":2},"end":{"line":82,"column":3}},"loc":{"start":{"line":82,"column":26},"end":{"line":112,"column":3}},"line":82},"10":{"name":"(anonymous_10)","decl":{"start":{"line":84,"column":13},"end":{"line":84,"column":14}},"loc":{"start":{"line":84,"column":19},"end":{"line":86,"column":7}},"line":84},"11":{"name":"(anonymous_11)","decl":{"start":{"line":89,"column":13},"end":{"line":89,"column":14}},"loc":{"start":{"line":89,"column":19},"end":{"line":91,"column":7}},"line":89},"12":{"name":"(anonymous_12)","decl":{"start":{"line":96,"column":15},"end":{"line":96,"column":16}},"loc":{"start":{"line":96,"column":21},"end":{"line":98,"column":9}},"line":96},"13":{"name":"(anonymous_13)","decl":{"start":{"line":101,"column":15},"end":{"line":101,"column":16}},"loc":{"start":{"line":101,"column":21},"end":{"line":103,"column":9}},"line":101},"14":{"name":"(anonymous_14)","decl":{"start":{"line":106,"column":15},"end":{"line":106,"column":16}},"loc":{"start":{"line":106,"column":21},"end":{"line":108,"column":9}},"line":106},"15":{"name":"(anonymous_15)","decl":{"start":{"line":115,"column":2},"end":{"line":115,"column":3}},"loc":{"start":{"line":115,"column":24},"end":{"line":122,"column":3}},"line":115},"16":{"name":"(anonymous_16)","decl":{"start":{"line":117,"column":13},"end":{"line":117,"column":14}},"loc":{"start":{"line":117,"column":19},"end":{"line":119,"column":7}},"line":117},"17":{"name":"(anonymous_17)","decl":{"start":{"line":124,"column":2},"end":{"line":124,"column":3}},"loc":{"start":{"line":124,"column":13},"end":{"line":126,"column":3}},"line":124}},"branchMap":{"0":{"loc":{"start":{"line":15,"column":4},"end":{"line":17,"column":5}},"type":"if","locations":[{"start":{"line":15,"column":4},"end":{"line":17,"column":5}},{"start":{"line":15,"column":4},"end":{"line":17,"column":5}}],"line":15},"1":{"loc":{"start":{"line":25,"column":4},"end":{"line":27,"column":5}},"type":"if","locations":[{"start":{"line":25,"column":4},"end":{"line":27,"column":5}},{"start":{"line":25,"column":4},"end":{"line":27,"column":5}}],"line":25},"2":{"loc":{"start":{"line":34,"column":4},"end":{"line":36,"column":5}},"type":"if","locations":[{"start":{"line":34,"column":4},"end":{"line":36,"column":5}},{"start":{"line":34,"column":4},"end":{"line":36,"column":5}}],"line":34},"3":{"loc":{"start":{"line":43,"column":4},"end":{"line":45,"column":5}},"type":"if","locations":[{"start":{"line":43,"column":4},"end":{"line":45,"column":5}},{"start":{"line":43,"column":4},"end":{"line":45,"column":5}}],"line":43},"4":{"loc":{"start":{"line":52,"column":4},"end":{"line":54,"column":5}},"type":"if","locations":[{"start":{"line":52,"column":4},"end":{"line":54,"column":5}},{"start":{"line":52,"column":4},"end":{"line":54,"column":5}}],"line":52},"5":{"loc":{"start":{"line":61,"column":4},"end":{"line":63,"column":5}},"type":"if","locations":[{"start":{"line":61,"column":4},"end":{"line":63,"column":5}},{"start":{"line":61,"column":4},"end":{"line":63,"column":5}}],"line":61},"6":{"loc":{"start":{"line":69,"column":4},"end":{"line":73,"column":5}},"type":"if","locations":[{"start":{"line":69,"column":4},"end":{"line":73,"column":5}},{"start":{"line":69,"column":4},"end":{"line":73,"column":5}}],"line":69},"7":{"loc":{"start":{"line":75,"column":4},"end":{"line":77,"column":5}},"type":"if","locations":[{"start":{"line":75,"column":4},"end":{"line":77,"column":5}},{"start":{"line":75,"column":4},"end":{"line":77,"column":5}}],"line":75},"8":{"loc":{"start":{"line":83,"column":4},"end":{"line":87,"column":5}},"type":"if","locations":[{"start":{"line":83,"column":4},"end":{"line":87,"column":5}},{"start":{"line":83,"column":4},"end":{"line":87,"column":5}}],"line":83},"9":{"loc":{"start":{"line":88,"column":4},"end":{"line":92,"column":5}},"type":"if","locations":[{"start":{"line":88,"column":4},"end":{"line":92,"column":5}},{"start":{"line":88,"column":4},"end":{"line":92,"column":5}}],"line":88},"10":{"loc":{"start":{"line":95,"column":6},"end":{"line":99,"column":7}},"type":"if","locations":[{"start":{"line":95,"column":6},"end":{"line":99,"column":7}},{"start":{"line":95,"column":6},"end":{"line":99,"column":7}}],"line":95},"11":{"loc":{"start":{"line":100,"column":6},"end":{"line":104,"column":7}},"type":"if","locations":[{"start":{"line":100,"column":6},"end":{"line":104,"column":7}},{"start":{"line":100,"column":6},"end":{"line":104,"column":7}}],"line":100},"12":{"loc":{"start":{"line":105,"column":6},"end":{"line":109,"column":7}},"type":"if","locations":[{"start":{"line":105,"column":6},"end":{"line":109,"column":7}},{"start":{"line":105,"column":6},"end":{"line":109,"column":7}}],"line":105},"13":{"loc":{"start":{"line":116,"column":4},"end":{"line":120,"column":5}},"type":"if","locations":[{"start":{"line":116,"column":4},"end":{"line":120,"column":5}},{"start":{"line":116,"column":4},"end":{"line":120,"column":5}}],"line":116}},"s":{"0":3,"1":3,"2":3,"3":32,"4":32,"5":32,"6":2,"7":2,"8":0,"9":2,"10":4,"11":4,"12":0,"13":4,"14":4,"15":4,"16":0,"17":4,"18":1,"19":1,"20":0,"21":1,"22":2,"23":2,"24":0,"25":2,"26":2,"27":2,"28":0,"29":2,"30":22,"31":2,"32":2,"33":20,"34":20,"35":0,"36":20,"37":29,"38":1,"39":1,"40":28,"41":1,"42":1,"43":27,"44":27,"45":27,"46":91,"47":1,"48":1,"49":90,"50":1,"51":1,"52":89,"53":1,"54":1,"55":24,"56":26,"57":2,"58":2,"59":24,"60":0,"61":3},"f":{"0":32,"1":2,"2":4,"3":4,"4":1,"5":2,"6":2,"7":22,"8":2,"9":29,"10":1,"11":1,"12":1,"13":1,"14":1,"15":26,"16":2,"17":0},"b":{"0":[0,2],"1":[0,4],"2":[0,4],"3":[0,1],"4":[0,2],"5":[0,2],"6":[2,20],"7":[0,20],"8":[1,28],"9":[1,27],"10":[1,90],"11":[1,89],"12":[1,88],"13":[2,24]},"_coverageSchema":"1a1c01bbd47fc00a2c39e90264f33305004495a9","hash":"364eb0c36b1ad9f344b4f1c5097b384c945395e5"}
,"C:\\Users\\santi_001\\Desktop\\ob2-diaz-disiot-meerhoff-1\\src\\objectsJest\\sistema.js": {"path":"C:\\Users\\santi_001\\Desktop\\ob2-diaz-disiot-meerhoff-1\\src\\objectsJest\\sistema.js","statementMap":{"0":{"start":{"line":1,"column":23},"end":{"line":1,"column":54}},"1":{"start":{"line":2,"column":25},"end":{"line":2,"column":58}},"2":{"start":{"line":3,"column":22},"end":{"line":3,"column":44}},"3":{"start":{"line":4,"column":20},"end":{"line":4,"column":40}},"4":{"start":{"line":5,"column":20},"end":{"line":5,"column":40}},"5":{"start":{"line":9,"column":4},"end":{"line":9,"column":24}},"6":{"start":{"line":14,"column":16},"end":{"line":14,"column":37}},"7":{"start":{"line":15,"column":4},"end":{"line":19,"column":5}},"8":{"start":{"line":16,"column":6},"end":{"line":18,"column":8}},"9":{"start":{"line":17,"column":8},"end":{"line":17,"column":50}},"10":{"start":{"line":20,"column":15},"end":{"line":20,"column":57}},"11":{"start":{"line":21,"column":4},"end":{"line":23,"column":5}},"12":{"start":{"line":22,"column":6},"end":{"line":22,"column":18}},"13":{"start":{"line":24,"column":4},"end":{"line":24,"column":31}},"14":{"start":{"line":29,"column":15},"end":{"line":29,"column":42}},"15":{"start":{"line":30,"column":4},"end":{"line":32,"column":5}},"16":{"start":{"line":31,"column":6},"end":{"line":31,"column":18}},"17":{"start":{"line":33,"column":4},"end":{"line":33,"column":30}},"18":{"start":{"line":38,"column":4},"end":{"line":42,"column":5}},"19":{"start":{"line":39,"column":6},"end":{"line":41,"column":8}},"20":{"start":{"line":40,"column":8},"end":{"line":40,"column":53}},"21":{"start":{"line":43,"column":21},"end":{"line":43,"column":52}},"22":{"start":{"line":44,"column":4},"end":{"line":46,"column":5}},"23":{"start":{"line":45,"column":6},"end":{"line":45,"column":24}},"24":{"start":{"line":47,"column":20},"end":{"line":47,"column":49}},"25":{"start":{"line":48,"column":4},"end":{"line":50,"column":5}},"26":{"start":{"line":49,"column":6},"end":{"line":49,"column":23}},"27":{"start":{"line":51,"column":19},"end":{"line":51,"column":46}},"28":{"start":{"line":52,"column":4},"end":{"line":54,"column":5}},"29":{"start":{"line":53,"column":6},"end":{"line":53,"column":22}},"30":{"start":{"line":55,"column":4},"end":{"line":60,"column":5}},"31":{"start":{"line":55,"column":17},"end":{"line":55,"column":18}},"32":{"start":{"line":56,"column":21},"end":{"line":56,"column":59}},"33":{"start":{"line":57,"column":6},"end":{"line":59,"column":7}},"34":{"start":{"line":58,"column":8},"end":{"line":58,"column":24}},"35":{"start":{"line":61,"column":4},"end":{"line":61,"column":16}},"36":{"start":{"line":65,"column":14},"end":{"line":65,"column":16}},"37":{"start":{"line":66,"column":4},"end":{"line":68,"column":5}},"38":{"start":{"line":66,"column":17},"end":{"line":66,"column":18}},"39":{"start":{"line":67,"column":6},"end":{"line":67,"column":54}},"40":{"start":{"line":69,"column":4},"end":{"line":69,"column":15}},"41":{"start":{"line":74,"column":0},"end":{"line":76,"column":2}}},"fnMap":{"0":{"name":"(anonymous_0)","decl":{"start":{"line":8,"column":2},"end":{"line":8,"column":3}},"loc":{"start":{"line":8,"column":16},"end":{"line":10,"column":3}},"line":8},"1":{"name":"(anonymous_1)","decl":{"start":{"line":13,"column":2},"end":{"line":13,"column":3}},"loc":{"start":{"line":13,"column":18},"end":{"line":25,"column":3}},"line":13},"2":{"name":"(anonymous_2)","decl":{"start":{"line":16,"column":13},"end":{"line":16,"column":14}},"loc":{"start":{"line":16,"column":19},"end":{"line":18,"column":7}},"line":16},"3":{"name":"(anonymous_3)","decl":{"start":{"line":28,"column":2},"end":{"line":28,"column":3}},"loc":{"start":{"line":28,"column":23},"end":{"line":34,"column":3}},"line":28},"4":{"name":"(anonymous_4)","decl":{"start":{"line":37,"column":2},"end":{"line":37,"column":3}},"loc":{"start":{"line":37,"column":24},"end":{"line":62,"column":3}},"line":37},"5":{"name":"(anonymous_5)","decl":{"start":{"line":39,"column":13},"end":{"line":39,"column":14}},"loc":{"start":{"line":39,"column":19},"end":{"line":41,"column":7}},"line":39},"6":{"name":"(anonymous_6)","decl":{"start":{"line":64,"column":2},"end":{"line":64,"column":3}},"loc":{"start":{"line":64,"column":13},"end":{"line":70,"column":3}},"line":64}},"branchMap":{"0":{"loc":{"start":{"line":15,"column":4},"end":{"line":19,"column":5}},"type":"if","locations":[{"start":{"line":15,"column":4},"end":{"line":19,"column":5}},{"start":{"line":15,"column":4},"end":{"line":19,"column":5}}],"line":15},"1":{"loc":{"start":{"line":15,"column":8},"end":{"line":15,"column":31}},"type":"binary-expr","locations":[{"start":{"line":15,"column":8},"end":{"line":15,"column":20}},{"start":{"line":15,"column":24},"end":{"line":15,"column":31}}],"line":15},"2":{"loc":{"start":{"line":21,"column":4},"end":{"line":23,"column":5}},"type":"if","locations":[{"start":{"line":21,"column":4},"end":{"line":23,"column":5}},{"start":{"line":21,"column":4},"end":{"line":23,"column":5}}],"line":21},"3":{"loc":{"start":{"line":30,"column":4},"end":{"line":32,"column":5}},"type":"if","locations":[{"start":{"line":30,"column":4},"end":{"line":32,"column":5}},{"start":{"line":30,"column":4},"end":{"line":32,"column":5}}],"line":30},"4":{"loc":{"start":{"line":38,"column":4},"end":{"line":42,"column":5}},"type":"if","locations":[{"start":{"line":38,"column":4},"end":{"line":42,"column":5}},{"start":{"line":38,"column":4},"end":{"line":42,"column":5}}],"line":38},"5":{"loc":{"start":{"line":44,"column":4},"end":{"line":46,"column":5}},"type":"if","locations":[{"start":{"line":44,"column":4},"end":{"line":46,"column":5}},{"start":{"line":44,"column":4},"end":{"line":46,"column":5}}],"line":44},"6":{"loc":{"start":{"line":48,"column":4},"end":{"line":50,"column":5}},"type":"if","locations":[{"start":{"line":48,"column":4},"end":{"line":50,"column":5}},{"start":{"line":48,"column":4},"end":{"line":50,"column":5}}],"line":48},"7":{"loc":{"start":{"line":52,"column":4},"end":{"line":54,"column":5}},"type":"if","locations":[{"start":{"line":52,"column":4},"end":{"line":54,"column":5}},{"start":{"line":52,"column":4},"end":{"line":54,"column":5}}],"line":52},"8":{"loc":{"start":{"line":57,"column":6},"end":{"line":59,"column":7}},"type":"if","locations":[{"start":{"line":57,"column":6},"end":{"line":59,"column":7}},{"start":{"line":57,"column":6},"end":{"line":59,"column":7}}],"line":57}},"s":{"0":1,"1":1,"2":1,"3":1,"4":1,"5":6,"6":3,"7":3,"8":1,"9":1,"10":2,"11":2,"12":0,"13":2,"14":1,"15":1,"16":0,"17":1,"18":6,"19":2,"20":2,"21":4,"22":4,"23":0,"24":4,"25":4,"26":0,"27":4,"28":4,"29":0,"30":4,"31":4,"32":12,"33":12,"34":0,"35":4,"36":0,"37":0,"38":0,"39":0,"40":0,"41":1},"f":{"0":6,"1":3,"2":1,"3":1,"4":6,"5":2,"6":0},"b":{"0":[1,2],"1":[3,2],"2":[0,2],"3":[0,1],"4":[2,4],"5":[0,4],"6":[0,4],"7":[0,4],"8":[0,12]},"_coverageSchema":"1a1c01bbd47fc00a2c39e90264f33305004495a9","hash":"84d6640e78f96d0e30a41feafe142b05b3a94944"}
,"C:\\Users\\santi_001\\Desktop\\ob2-diaz-disiot-meerhoff-1\\src\\objectsJest\\tablatura.js": {"path":"C:\\Users\\santi_001\\Desktop\\ob2-diaz-disiot-meerhoff-1\\src\\objectsJest\\tablatura.js","statementMap":{"0":{"start":{"line":1,"column":23},"end":{"line":1,"column":54}},"1":{"start":{"line":2,"column":25},"end":{"line":2,"column":58}},"2":{"start":{"line":6,"column":4},"end":{"line":6,"column":24}},"3":{"start":{"line":7,"column":4},"end":{"line":7,"column":44}},"4":{"start":{"line":12,"column":15},"end":{"line":12,"column":46}},"5":{"start":{"line":13,"column":4},"end":{"line":15,"column":5}},"6":{"start":{"line":14,"column":6},"end":{"line":14,"column":18}},"7":{"start":{"line":16,"column":4},"end":{"line":16,"column":48}},"8":{"start":{"line":17,"column":4},"end":{"line":17,"column":22}},"9":{"start":{"line":22,"column":4},"end":{"line":26,"column":5}},"10":{"start":{"line":23,"column":6},"end":{"line":25,"column":8}},"11":{"start":{"line":24,"column":8},"end":{"line":24,"column":53}},"12":{"start":{"line":27,"column":4},"end":{"line":31,"column":5}},"13":{"start":{"line":28,"column":6},"end":{"line":30,"column":8}},"14":{"start":{"line":29,"column":8},"end":{"line":29,"column":53}},"15":{"start":{"line":32,"column":4},"end":{"line":32,"column":27}},"16":{"start":{"line":37,"column":4},"end":{"line":41,"column":5}},"17":{"start":{"line":38,"column":6},"end":{"line":40,"column":8}},"18":{"start":{"line":39,"column":8},"end":{"line":39,"column":53}},"19":{"start":{"line":43,"column":4},"end":{"line":47,"column":5}},"20":{"start":{"line":44,"column":6},"end":{"line":46,"column":8}},"21":{"start":{"line":45,"column":8},"end":{"line":45,"column":50}},"22":{"start":{"line":49,"column":15},"end":{"line":49,"column":38}},"23":{"start":{"line":50,"column":4},"end":{"line":52,"column":5}},"24":{"start":{"line":51,"column":6},"end":{"line":51,"column":18}},"25":{"start":{"line":54,"column":4},"end":{"line":54,"column":29}},"26":{"start":{"line":59,"column":4},"end":{"line":63,"column":5}},"27":{"start":{"line":60,"column":6},"end":{"line":62,"column":8}},"28":{"start":{"line":61,"column":8},"end":{"line":61,"column":54}},"29":{"start":{"line":65,"column":4},"end":{"line":69,"column":5}},"30":{"start":{"line":66,"column":6},"end":{"line":68,"column":8}},"31":{"start":{"line":67,"column":8},"end":{"line":67,"column":54}},"32":{"start":{"line":71,"column":4},"end":{"line":78,"column":5}},"33":{"start":{"line":71,"column":17},"end":{"line":71,"column":18}},"34":{"start":{"line":72,"column":19},"end":{"line":72,"column":34}},"35":{"start":{"line":74,"column":17},"end":{"line":74,"column":43}},"36":{"start":{"line":75,"column":6},"end":{"line":77,"column":7}},"37":{"start":{"line":76,"column":8},"end":{"line":76,"column":20}},"38":{"start":{"line":79,"column":4},"end":{"line":79,"column":16}},"39":{"start":{"line":84,"column":4},"end":{"line":88,"column":5}},"40":{"start":{"line":85,"column":6},"end":{"line":87,"column":8}},"41":{"start":{"line":86,"column":8},"end":{"line":86,"column":53}},"42":{"start":{"line":90,"column":4},"end":{"line":94,"column":5}},"43":{"start":{"line":91,"column":6},"end":{"line":93,"column":8}},"44":{"start":{"line":92,"column":8},"end":{"line":92,"column":53}},"45":{"start":{"line":96,"column":4},"end":{"line":100,"column":5}},"46":{"start":{"line":97,"column":6},"end":{"line":99,"column":8}},"47":{"start":{"line":98,"column":8},"end":{"line":98,"column":54}},"48":{"start":{"line":102,"column":4},"end":{"line":109,"column":5}},"49":{"start":{"line":102,"column":17},"end":{"line":102,"column":18}},"50":{"start":{"line":103,"column":21},"end":{"line":103,"column":30}},"51":{"start":{"line":105,"column":17},"end":{"line":105,"column":47}},"52":{"start":{"line":106,"column":6},"end":{"line":108,"column":7}},"53":{"start":{"line":107,"column":8},"end":{"line":107,"column":20}},"54":{"start":{"line":111,"column":4},"end":{"line":111,"column":16}},"55":{"start":{"line":117,"column":4},"end":{"line":121,"column":5}},"56":{"start":{"line":118,"column":6},"end":{"line":120,"column":8}},"57":{"start":{"line":119,"column":8},"end":{"line":119,"column":53}},"58":{"start":{"line":122,"column":4},"end":{"line":135,"column":5}},"59":{"start":{"line":123,"column":6},"end":{"line":127,"column":7}},"60":{"start":{"line":124,"column":8},"end":{"line":126,"column":10}},"61":{"start":{"line":125,"column":10},"end":{"line":125,"column":55}},"62":{"start":{"line":129,"column":16},"end":{"line":129,"column":34}},"63":{"start":{"line":130,"column":6},"end":{"line":134,"column":7}},"64":{"start":{"line":131,"column":8},"end":{"line":133,"column":10}},"65":{"start":{"line":132,"column":10},"end":{"line":132,"column":52}},"66":{"start":{"line":137,"column":4},"end":{"line":137,"column":16}},"67":{"start":{"line":141,"column":4},"end":{"line":141,"column":63}},"68":{"start":{"line":146,"column":0},"end":{"line":148,"column":2}}},"fnMap":{"0":{"name":"(anonymous_0)","decl":{"start":{"line":5,"column":2},"end":{"line":5,"column":3}},"loc":{"start":{"line":5,"column":16},"end":{"line":8,"column":3}},"line":5},"1":{"name":"(anonymous_1)","decl":{"start":{"line":11,"column":2},"end":{"line":11,"column":3}},"loc":{"start":{"line":11,"column":29},"end":{"line":18,"column":3}},"line":11},"2":{"name":"(anonymous_2)","decl":{"start":{"line":21,"column":2},"end":{"line":21,"column":3}},"loc":{"start":{"line":21,"column":18},"end":{"line":33,"column":3}},"line":21},"3":{"name":"(anonymous_3)","decl":{"start":{"line":23,"column":13},"end":{"line":23,"column":14}},"loc":{"start":{"line":23,"column":19},"end":{"line":25,"column":7}},"line":23},"4":{"name":"(anonymous_4)","decl":{"start":{"line":28,"column":13},"end":{"line":28,"column":14}},"loc":{"start":{"line":28,"column":19},"end":{"line":30,"column":7}},"line":28},"5":{"name":"(anonymous_5)","decl":{"start":{"line":36,"column":2},"end":{"line":36,"column":3}},"loc":{"start":{"line":36,"column":17},"end":{"line":55,"column":3}},"line":36},"6":{"name":"(anonymous_6)","decl":{"start":{"line":38,"column":13},"end":{"line":38,"column":14}},"loc":{"start":{"line":38,"column":19},"end":{"line":40,"column":7}},"line":38},"7":{"name":"(anonymous_7)","decl":{"start":{"line":44,"column":13},"end":{"line":44,"column":14}},"loc":{"start":{"line":44,"column":19},"end":{"line":46,"column":7}},"line":44},"8":{"name":"(anonymous_8)","decl":{"start":{"line":58,"column":2},"end":{"line":58,"column":3}},"loc":{"start":{"line":58,"column":21},"end":{"line":80,"column":3}},"line":58},"9":{"name":"(anonymous_9)","decl":{"start":{"line":60,"column":13},"end":{"line":60,"column":14}},"loc":{"start":{"line":60,"column":19},"end":{"line":62,"column":7}},"line":60},"10":{"name":"(anonymous_10)","decl":{"start":{"line":66,"column":13},"end":{"line":66,"column":14}},"loc":{"start":{"line":66,"column":19},"end":{"line":68,"column":7}},"line":66},"11":{"name":"(anonymous_11)","decl":{"start":{"line":83,"column":2},"end":{"line":83,"column":3}},"loc":{"start":{"line":83,"column":24},"end":{"line":112,"column":3}},"line":83},"12":{"name":"(anonymous_12)","decl":{"start":{"line":85,"column":13},"end":{"line":85,"column":14}},"loc":{"start":{"line":85,"column":19},"end":{"line":87,"column":7}},"line":85},"13":{"name":"(anonymous_13)","decl":{"start":{"line":91,"column":13},"end":{"line":91,"column":14}},"loc":{"start":{"line":91,"column":19},"end":{"line":93,"column":7}},"line":91},"14":{"name":"(anonymous_14)","decl":{"start":{"line":97,"column":13},"end":{"line":97,"column":14}},"loc":{"start":{"line":97,"column":19},"end":{"line":99,"column":7}},"line":97},"15":{"name":"(anonymous_15)","decl":{"start":{"line":116,"column":2},"end":{"line":116,"column":3}},"loc":{"start":{"line":116,"column":28},"end":{"line":138,"column":3}},"line":116},"16":{"name":"(anonymous_16)","decl":{"start":{"line":118,"column":13},"end":{"line":118,"column":14}},"loc":{"start":{"line":118,"column":19},"end":{"line":120,"column":7}},"line":118},"17":{"name":"(anonymous_17)","decl":{"start":{"line":124,"column":15},"end":{"line":124,"column":16}},"loc":{"start":{"line":124,"column":21},"end":{"line":126,"column":9}},"line":124},"18":{"name":"(anonymous_18)","decl":{"start":{"line":131,"column":15},"end":{"line":131,"column":16}},"loc":{"start":{"line":131,"column":21},"end":{"line":133,"column":9}},"line":131},"19":{"name":"(anonymous_19)","decl":{"start":{"line":140,"column":2},"end":{"line":140,"column":3}},"loc":{"start":{"line":140,"column":13},"end":{"line":142,"column":3}},"line":140}},"branchMap":{"0":{"loc":{"start":{"line":13,"column":4},"end":{"line":15,"column":5}},"type":"if","locations":[{"start":{"line":13,"column":4},"end":{"line":15,"column":5}},{"start":{"line":13,"column":4},"end":{"line":15,"column":5}}],"line":13},"1":{"loc":{"start":{"line":22,"column":4},"end":{"line":26,"column":5}},"type":"if","locations":[{"start":{"line":22,"column":4},"end":{"line":26,"column":5}},{"start":{"line":22,"column":4},"end":{"line":26,"column":5}}],"line":22},"2":{"loc":{"start":{"line":27,"column":4},"end":{"line":31,"column":5}},"type":"if","locations":[{"start":{"line":27,"column":4},"end":{"line":31,"column":5}},{"start":{"line":27,"column":4},"end":{"line":31,"column":5}}],"line":27},"3":{"loc":{"start":{"line":27,"column":8},"end":{"line":27,"column":50}},"type":"binary-expr","locations":[{"start":{"line":27,"column":8},"end":{"line":27,"column":27}},{"start":{"line":27,"column":31},"end":{"line":27,"column":50}}],"line":27},"4":{"loc":{"start":{"line":37,"column":4},"end":{"line":41,"column":5}},"type":"if","locations":[{"start":{"line":37,"column":4},"end":{"line":41,"column":5}},{"start":{"line":37,"column":4},"end":{"line":41,"column":5}}],"line":37},"5":{"loc":{"start":{"line":43,"column":4},"end":{"line":47,"column":5}},"type":"if","locations":[{"start":{"line":43,"column":4},"end":{"line":47,"column":5}},{"start":{"line":43,"column":4},"end":{"line":47,"column":5}}],"line":43},"6":{"loc":{"start":{"line":43,"column":8},"end":{"line":43,"column":26}},"type":"binary-expr","locations":[{"start":{"line":43,"column":8},"end":{"line":43,"column":15}},{"start":{"line":43,"column":19},"end":{"line":43,"column":26}}],"line":43},"7":{"loc":{"start":{"line":50,"column":4},"end":{"line":52,"column":5}},"type":"if","locations":[{"start":{"line":50,"column":4},"end":{"line":52,"column":5}},{"start":{"line":50,"column":4},"end":{"line":52,"column":5}}],"line":50},"8":{"loc":{"start":{"line":59,"column":4},"end":{"line":63,"column":5}},"type":"if","locations":[{"start":{"line":59,"column":4},"end":{"line":63,"column":5}},{"start":{"line":59,"column":4},"end":{"line":63,"column":5}}],"line":59},"9":{"loc":{"start":{"line":59,"column":8},"end":{"line":59,"column":69}},"type":"binary-expr","locations":[{"start":{"line":59,"column":8},"end":{"line":59,"column":27}},{"start":{"line":59,"column":31},"end":{"line":59,"column":69}}],"line":59},"10":{"loc":{"start":{"line":65,"column":4},"end":{"line":69,"column":5}},"type":"if","locations":[{"start":{"line":65,"column":4},"end":{"line":69,"column":5}},{"start":{"line":65,"column":4},"end":{"line":69,"column":5}}],"line":65},"11":{"loc":{"start":{"line":65,"column":8},"end":{"line":65,"column":69}},"type":"binary-expr","locations":[{"start":{"line":65,"column":8},"end":{"line":65,"column":27}},{"start":{"line":65,"column":31},"end":{"line":65,"column":69}}],"line":65},"12":{"loc":{"start":{"line":75,"column":6},"end":{"line":77,"column":7}},"type":"if","locations":[{"start":{"line":75,"column":6},"end":{"line":77,"column":7}},{"start":{"line":75,"column":6},"end":{"line":77,"column":7}}],"line":75},"13":{"loc":{"start":{"line":84,"column":4},"end":{"line":88,"column":5}},"type":"if","locations":[{"start":{"line":84,"column":4},"end":{"line":88,"column":5}},{"start":{"line":84,"column":4},"end":{"line":88,"column":5}}],"line":84},"14":{"loc":{"start":{"line":90,"column":4},"end":{"line":94,"column":5}},"type":"if","locations":[{"start":{"line":90,"column":4},"end":{"line":94,"column":5}},{"start":{"line":90,"column":4},"end":{"line":94,"column":5}}],"line":90},"15":{"loc":{"start":{"line":96,"column":4},"end":{"line":100,"column":5}},"type":"if","locations":[{"start":{"line":96,"column":4},"end":{"line":100,"column":5}},{"start":{"line":96,"column":4},"end":{"line":100,"column":5}}],"line":96},"16":{"loc":{"start":{"line":106,"column":6},"end":{"line":108,"column":7}},"type":"if","locations":[{"start":{"line":106,"column":6},"end":{"line":108,"column":7}},{"start":{"line":106,"column":6},"end":{"line":108,"column":7}}],"line":106},"17":{"loc":{"start":{"line":117,"column":4},"end":{"line":121,"column":5}},"type":"if","locations":[{"start":{"line":117,"column":4},"end":{"line":121,"column":5}},{"start":{"line":117,"column":4},"end":{"line":121,"column":5}}],"line":117},"18":{"loc":{"start":{"line":122,"column":4},"end":{"line":135,"column":5}},"type":"if","locations":[{"start":{"line":122,"column":4},"end":{"line":135,"column":5}},{"start":{"line":122,"column":4},"end":{"line":135,"column":5}}],"line":122},"19":{"loc":{"start":{"line":123,"column":6},"end":{"line":127,"column":7}},"type":"if","locations":[{"start":{"line":123,"column":6},"end":{"line":127,"column":7}},{"start":{"line":123,"column":6},"end":{"line":127,"column":7}}],"line":123},"20":{"loc":{"start":{"line":130,"column":6},"end":{"line":134,"column":7}},"type":"if","locations":[{"start":{"line":130,"column":6},"end":{"line":134,"column":7}},{"start":{"line":130,"column":6},"end":{"line":134,"column":7}}],"line":130},"21":{"loc":{"start":{"line":130,"column":10},"end":{"line":130,"column":55}},"type":"binary-expr","locations":[{"start":{"line":130,"column":10},"end":{"line":130,"column":17}},{"start":{"line":130,"column":21},"end":{"line":130,"column":55}}],"line":130}},"s":{"0":4,"1":4,"2":79,"3":79,"4":5,"5":5,"6":4,"7":1,"8":1,"9":5,"10":2,"11":2,"12":3,"13":2,"14":2,"15":1,"16":6,"17":1,"18":1,"19":5,"20":3,"21":3,"22":2,"23":2,"24":0,"25":2,"26":33,"27":1,"28":1,"29":32,"30":1,"31":1,"32":31,"33":31,"34":151,"35":151,"36":151,"37":8,"38":23,"39":161,"40":3,"41":3,"42":158,"43":3,"44":3,"45":155,"46":6,"47":6,"48":149,"49":149,"50":2179,"51":2179,"52":2179,"53":4,"54":145,"55":2184,"56":4,"57":4,"58":2180,"59":872,"60":2,"61":2,"62":1308,"63":1308,"64":3,"65":3,"66":2175,"67":0,"68":4},"f":{"0":79,"1":5,"2":5,"3":2,"4":2,"5":6,"6":1,"7":3,"8":33,"9":1,"10":1,"11":161,"12":3,"13":3,"14":6,"15":2184,"16":4,"17":2,"18":3,"19":0},"b":{"0":[4,1],"1":[2,3],"2":[2,1],"3":[3,2],"4":[1,5],"5":[3,2],"6":[5,4],"7":[0,2],"8":[1,32],"9":[33,3],"10":[1,31],"11":[32,1],"12":[8,143],"13":[3,158],"14":[3,155],"15":[6,149],"16":[4,2175],"17":[4,2180],"18":[872,1308],"19":[2,870],"20":[3,1305],"21":[1308,1307]},"_coverageSchema":"1a1c01bbd47fc00a2c39e90264f33305004495a9","hash":"d8aac8750f2f020151f282045898c3112578bff2"}
}
