TN:
SF:src\common\definiciones.js
FNF:0
FNH:0
DA:1,4
DA:7,4
LF:2
LH:2
BRF:0
BRH:0
end_of_record
TN:
SF:src\common\exceptions.js
FNF:0
FNH:0
DA:1,4
DA:9,4
LF:2
LH:2
BRF:0
BRH:0
end_of_record
TN:
SF:src\objectsJest\leccion.js
FN:8,(anonymous_0)
FN:16,(anonymous_1)
FN:19,(anonymous_2)
FN:31,(anonymous_3)
FN:40,(anonymous_4)
FN:49,(anonymous_5)
FN:58,(anonymous_6)
FN:67,(anonymous_7)
FN:76,(anonymous_8)
FN:84,(anonymous_9)
FN:93,(anonymous_10)
FN:95,(anonymous_11)
FN:100,(anonymous_12)
FN:107,(anonymous_13)
FN:109,(anonymous_14)
FN:116,(anonymous_15)
FN:118,(anonymous_16)
FN:125,(anonymous_17)
FN:127,(anonymous_18)
FN:145,(anonymous_19)
FN:147,(anonymous_20)
FN:164,(anonymous_21)
FNF:22
FNH:21
FNDA:39,(anonymous_0)
FNDA:5,(anonymous_1)
FNDA:1,(anonymous_2)
FNDA:2,(anonymous_3)
FNDA:4,(anonymous_4)
FNDA:4,(anonymous_5)
FNDA:1,(anonymous_6)
FNDA:1,(anonymous_7)
FNDA:2,(anonymous_8)
FNDA:2,(anonymous_9)
FNDA:12,(anonymous_10)
FNDA:2,(anonymous_11)
FNDA:2,(anonymous_12)
FNDA:14,(anonymous_13)
FNDA:2,(anonymous_14)
FNDA:14,(anonymous_15)
FNDA:2,(anonymous_16)
FNDA:18,(anonymous_17)
FNDA:2,(anonymous_18)
FNDA:9,(anonymous_19)
FNDA:2,(anonymous_20)
FNDA:0,(anonymous_21)
DA:2,2
DA:3,2
DA:4,2
DA:5,2
DA:9,39
DA:10,39
DA:11,39
DA:12,39
DA:17,5
DA:18,5
DA:19,1
DA:20,1
DA:23,4
DA:24,4
DA:25,2
DA:27,2
DA:32,2
DA:33,2
DA:34,0
DA:36,2
DA:41,4
DA:42,4
DA:43,0
DA:45,4
DA:50,4
DA:51,4
DA:52,0
DA:54,4
DA:59,1
DA:60,1
DA:61,0
DA:63,1
DA:68,1
DA:69,1
DA:70,0
DA:72,1
DA:77,2
DA:78,2
DA:79,0
DA:81,2
DA:85,2
DA:86,2
DA:87,0
DA:89,2
DA:90,2
DA:94,12
DA:95,2
DA:96,2
DA:99,10
DA:100,2
DA:101,2
DA:104,8
DA:108,14
DA:109,2
DA:110,2
DA:113,12
DA:117,14
DA:118,2
DA:119,2
DA:122,12
DA:126,18
DA:127,2
DA:128,2
DA:131,16
DA:132,0
DA:134,16
DA:135,0
DA:137,16
DA:138,0
DA:140,16
DA:146,9
DA:147,2
DA:148,2
DA:151,7
DA:152,7
DA:153,7
DA:154,7
DA:155,16
DA:156,9
DA:158,7
DA:161,7
DA:165,0
DA:170,2
LF:83
LH:72
BRDA:18,0,0,1
BRDA:18,0,1,4
BRDA:18,1,0,5
BRDA:18,1,1,4
BRDA:24,2,0,2
BRDA:24,2,1,2
BRDA:33,3,0,0
BRDA:33,3,1,2
BRDA:42,4,0,0
BRDA:42,4,1,4
BRDA:51,5,0,0
BRDA:51,5,1,4
BRDA:60,6,0,0
BRDA:60,6,1,1
BRDA:69,7,0,0
BRDA:69,7,1,1
BRDA:78,8,0,0
BRDA:78,8,1,2
BRDA:86,9,0,0
BRDA:86,9,1,2
BRDA:94,10,0,2
BRDA:94,10,1,10
BRDA:99,11,0,2
BRDA:99,11,1,8
BRDA:108,12,0,2
BRDA:108,12,1,12
BRDA:117,13,0,2
BRDA:117,13,1,12
BRDA:126,14,0,2
BRDA:126,14,1,16
BRDA:131,15,0,0
BRDA:131,15,1,16
BRDA:134,16,0,0
BRDA:134,16,1,16
BRDA:137,17,0,0
BRDA:137,17,1,16
BRDA:146,18,0,2
BRDA:146,18,1,7
BRDA:155,19,0,9
BRDA:155,19,1,7
BRF:40
BRH:30
end_of_record
TN:
SF:src\objectsJest\seccion.js
FN:6,(anonymous_0)
FN:13,(anonymous_1)
FN:22,(anonymous_2)
FN:32,(anonymous_3)
FN:41,(anonymous_4)
FN:50,(anonymous_5)
FN:59,(anonymous_6)
FN:68,(anonymous_7)
FN:70,(anonymous_8)
FN:82,(anonymous_9)
FN:84,(anonymous_10)
FN:89,(anonymous_11)
FN:96,(anonymous_12)
FN:101,(anonymous_13)
FN:106,(anonymous_14)
FN:115,(anonymous_15)
FN:117,(anonymous_16)
FN:124,(anonymous_17)
FNF:18
FNH:17
FNDA:32,(anonymous_0)
FNDA:2,(anonymous_1)
FNDA:4,(anonymous_2)
FNDA:4,(anonymous_3)
FNDA:1,(anonymous_4)
FNDA:2,(anonymous_5)
FNDA:2,(anonymous_6)
FNDA:22,(anonymous_7)
FNDA:2,(anonymous_8)
FNDA:29,(anonymous_9)
FNDA:1,(anonymous_10)
FNDA:1,(anonymous_11)
FNDA:1,(anonymous_12)
FNDA:1,(anonymous_13)
FNDA:1,(anonymous_14)
FNDA:26,(anonymous_15)
FNDA:2,(anonymous_16)
FNDA:0,(anonymous_17)
DA:1,3
DA:2,3
DA:3,3
DA:7,32
DA:8,32
DA:9,32
DA:14,2
DA:15,2
DA:16,0
DA:18,2
DA:24,4
DA:25,4
DA:26,0
DA:28,4
DA:33,4
DA:34,4
DA:35,0
DA:37,4
DA:42,1
DA:43,1
DA:44,0
DA:46,1
DA:51,2
DA:52,2
DA:53,0
DA:55,2
DA:60,2
DA:61,2
DA:62,0
DA:64,2
DA:69,22
DA:70,2
DA:71,2
DA:74,20
DA:75,20
DA:76,0
DA:78,20
DA:83,29
DA:84,1
DA:85,1
DA:88,28
DA:89,1
DA:90,1
DA:93,27
DA:94,27
DA:95,91
DA:96,1
DA:97,1
DA:100,90
DA:101,1
DA:102,1
DA:105,89
DA:106,1
DA:107,1
DA:111,24
DA:116,26
DA:117,2
DA:118,2
DA:121,24
DA:125,0
DA:130,3
LF:61
LH:53
BRDA:15,0,0,0
BRDA:15,0,1,2
BRDA:25,1,0,0
BRDA:25,1,1,4
BRDA:34,2,0,0
BRDA:34,2,1,4
BRDA:43,3,0,0
BRDA:43,3,1,1
BRDA:52,4,0,0
BRDA:52,4,1,2
BRDA:61,5,0,0
BRDA:61,5,1,2
BRDA:69,6,0,2
BRDA:69,6,1,20
BRDA:75,7,0,0
BRDA:75,7,1,20
BRDA:83,8,0,1
BRDA:83,8,1,28
BRDA:88,9,0,1
BRDA:88,9,1,27
BRDA:95,10,0,1
BRDA:95,10,1,90
BRDA:100,11,0,1
BRDA:100,11,1,89
BRDA:105,12,0,1
BRDA:105,12,1,88
BRDA:116,13,0,2
BRDA:116,13,1,24
BRF:28
BRH:21
end_of_record
TN:
SF:src\objectsJest\sistema.js
FN:8,(anonymous_0)
FN:13,(anonymous_1)
FN:16,(anonymous_2)
FN:28,(anonymous_3)
FN:37,(anonymous_4)
FN:39,(anonymous_5)
FN:64,(anonymous_6)
FNF:7
FNH:6
FNDA:6,(anonymous_0)
FNDA:3,(anonymous_1)
FNDA:1,(anonymous_2)
FNDA:1,(anonymous_3)
FNDA:6,(anonymous_4)
FNDA:2,(anonymous_5)
FNDA:0,(anonymous_6)
DA:1,1
DA:2,1
DA:3,1
DA:4,1
DA:5,1
DA:9,6
DA:14,3
DA:15,3
DA:16,1
DA:17,1
DA:20,2
DA:21,2
DA:22,0
DA:24,2
DA:29,1
DA:30,1
DA:31,0
DA:33,1
DA:38,6
DA:39,2
DA:40,2
DA:43,4
DA:44,4
DA:45,0
DA:47,4
DA:48,4
DA:49,0
DA:51,4
DA:52,4
DA:53,0
DA:55,4
DA:56,12
DA:57,12
DA:58,0
DA:61,4
DA:65,0
DA:66,0
DA:67,0
DA:69,0
DA:74,1
LF:40
LH:30
BRDA:15,0,0,1
BRDA:15,0,1,2
BRDA:15,1,0,3
BRDA:15,1,1,2
BRDA:21,2,0,0
BRDA:21,2,1,2
BRDA:30,3,0,0
BRDA:30,3,1,1
BRDA:38,4,0,2
BRDA:38,4,1,4
BRDA:44,5,0,0
BRDA:44,5,1,4
BRDA:48,6,0,0
BRDA:48,6,1,4
BRDA:52,7,0,0
BRDA:52,7,1,4
BRDA:57,8,0,0
BRDA:57,8,1,12
BRF:18
BRH:12
end_of_record
TN:
SF:src\objectsJest\tablatura.js
FN:5,(anonymous_0)
FN:11,(anonymous_1)
FN:21,(anonymous_2)
FN:23,(anonymous_3)
FN:28,(anonymous_4)
FN:36,(anonymous_5)
FN:38,(anonymous_6)
FN:44,(anonymous_7)
FN:58,(anonymous_8)
FN:60,(anonymous_9)
FN:66,(anonymous_10)
FN:83,(anonymous_11)
FN:85,(anonymous_12)
FN:91,(anonymous_13)
FN:97,(anonymous_14)
FN:116,(anonymous_15)
FN:118,(anonymous_16)
FN:124,(anonymous_17)
FN:131,(anonymous_18)
FN:140,(anonymous_19)
FNF:20
FNH:19
FNDA:79,(anonymous_0)
FNDA:5,(anonymous_1)
FNDA:5,(anonymous_2)
FNDA:2,(anonymous_3)
FNDA:2,(anonymous_4)
FNDA:6,(anonymous_5)
FNDA:1,(anonymous_6)
FNDA:3,(anonymous_7)
FNDA:33,(anonymous_8)
FNDA:1,(anonymous_9)
FNDA:1,(anonymous_10)
FNDA:161,(anonymous_11)
FNDA:3,(anonymous_12)
FNDA:3,(anonymous_13)
FNDA:6,(anonymous_14)
FNDA:2184,(anonymous_15)
FNDA:4,(anonymous_16)
FNDA:2,(anonymous_17)
FNDA:3,(anonymous_18)
FNDA:0,(anonymous_19)
DA:1,4
DA:2,4
DA:6,79
DA:7,79
DA:12,5
DA:13,5
DA:14,4
DA:16,1
DA:17,1
DA:22,5
DA:23,2
DA:24,2
DA:27,3
DA:28,2
DA:29,2
DA:32,1
DA:37,6
DA:38,1
DA:39,1
DA:43,5
DA:44,3
DA:45,3
DA:49,2
DA:50,2
DA:51,0
DA:54,2
DA:59,33
DA:60,1
DA:61,1
DA:65,32
DA:66,1
DA:67,1
DA:71,31
DA:72,151
DA:74,151
DA:75,151
DA:76,8
DA:79,23
DA:84,161
DA:85,3
DA:86,3
DA:90,158
DA:91,3
DA:92,3
DA:96,155
DA:97,6
DA:98,6
DA:102,149
DA:103,2179
DA:105,2179
DA:106,2179
DA:107,4
DA:111,145
DA:117,2184
DA:118,4
DA:119,4
DA:122,2180
DA:123,872
DA:124,2
DA:125,2
DA:129,1308
DA:130,1308
DA:131,3
DA:132,3
DA:137,2175
DA:141,0
DA:146,4
LF:67
LH:65
BRDA:13,0,0,4
BRDA:13,0,1,1
BRDA:22,1,0,2
BRDA:22,1,1,3
BRDA:27,2,0,2
BRDA:27,2,1,1
BRDA:27,3,0,3
BRDA:27,3,1,2
BRDA:37,4,0,1
BRDA:37,4,1,5
BRDA:43,5,0,3
BRDA:43,5,1,2
BRDA:43,6,0,5
BRDA:43,6,1,4
BRDA:50,7,0,0
BRDA:50,7,1,2
BRDA:59,8,0,1
BRDA:59,8,1,32
BRDA:59,9,0,33
BRDA:59,9,1,3
BRDA:65,10,0,1
BRDA:65,10,1,31
BRDA:65,11,0,32
BRDA:65,11,1,1
BRDA:75,12,0,8
BRDA:75,12,1,143
BRDA:84,13,0,3
BRDA:84,13,1,158
BRDA:90,14,0,3
BRDA:90,14,1,155
BRDA:96,15,0,6
BRDA:96,15,1,149
BRDA:106,16,0,4
BRDA:106,16,1,2175
BRDA:117,17,0,4
BRDA:117,17,1,2180
BRDA:122,18,0,872
BRDA:122,18,1,1308
BRDA:123,19,0,2
BRDA:123,19,1,870
BRDA:130,20,0,3
BRDA:130,20,1,1305
BRDA:130,21,0,1308
BRDA:130,21,1,1307
BRF:44
BRH:43
end_of_record
